mode: set
github.com/aquaproj/aqua/v2/pkg/config/registry/checksum.go:41.51,42.14 1 1
github.com/aquaproj/aqua/v2/pkg/config/registry/checksum.go:42.14,44.3 1 1
github.com/aquaproj/aqua/v2/pkg/config/registry/checksum.go:45.2,45.23 1 1
github.com/aquaproj/aqua/v2/pkg/config/registry/checksum.go:50.38,51.14 1 1
github.com/aquaproj/aqua/v2/pkg/config/registry/checksum.go:51.14,53.3 1 1
github.com/aquaproj/aqua/v2/pkg/config/registry/checksum.go:54.2,54.22 1 1
github.com/aquaproj/aqua/v2/pkg/config/registry/checksum.go:54.22,56.3 1 1
github.com/aquaproj/aqua/v2/pkg/config/registry/checksum.go:57.2,57.19 1 1
github.com/aquaproj/aqua/v2/pkg/config/registry/checksum.go:62.42,63.21 1 1
github.com/aquaproj/aqua/v2/pkg/config/registry/checksum.go:63.21,65.3 1 1
github.com/aquaproj/aqua/v2/pkg/config/registry/checksum.go:66.2,66.20 1 1
github.com/aquaproj/aqua/v2/pkg/config/registry/checksum.go:71.40,72.14 1 0
github.com/aquaproj/aqua/v2/pkg/config/registry/checksum.go:72.14,74.3 1 0
github.com/aquaproj/aqua/v2/pkg/config/registry/checksum.go:75.2,75.17 1 0
github.com/aquaproj/aqua/v2/pkg/config/registry/checksum.go:80.44,81.14 1 0
github.com/aquaproj/aqua/v2/pkg/config/registry/checksum.go:81.14,83.3 1 0
github.com/aquaproj/aqua/v2/pkg/config/registry/checksum.go:84.2,84.19 1 0
github.com/aquaproj/aqua/v2/pkg/config/registry/checksum.go:89.80,90.14 1 0
github.com/aquaproj/aqua/v2/pkg/config/registry/checksum.go:90.14,92.3 1 0
github.com/aquaproj/aqua/v2/pkg/config/registry/checksum.go:93.2,93.37 1 0
github.com/aquaproj/aqua/v2/pkg/config/registry/config.go:37.74,39.2 1 1
github.com/aquaproj/aqua/v2/pkg/config/registry/config.go:43.97,46.29 3 1
github.com/aquaproj/aqua/v2/pkg/config/registry/config.go:46.29,48.21 2 1
github.com/aquaproj/aqua/v2/pkg/config/registry/config.go:48.21,50.12 2 0
github.com/aquaproj/aqua/v2/pkg/config/registry/config.go:52.3,53.17 2 1
github.com/aquaproj/aqua/v2/pkg/config/registry/config.go:53.17,55.12 2 0
github.com/aquaproj/aqua/v2/pkg/config/registry/config.go:57.3,57.27 1 1
github.com/aquaproj/aqua/v2/pkg/config/registry/config.go:57.27,59.12 2 0
github.com/aquaproj/aqua/v2/pkg/config/registry/config.go:61.3,62.41 2 1
github.com/aquaproj/aqua/v2/pkg/config/registry/config.go:62.41,63.24 1 0
github.com/aquaproj/aqua/v2/pkg/config/registry/config.go:63.24,67.13 2 0
github.com/aquaproj/aqua/v2/pkg/config/registry/config.go:69.4,69.34 1 0
github.com/aquaproj/aqua/v2/pkg/config/registry/config.go:69.34,74.13 2 0
github.com/aquaproj/aqua/v2/pkg/config/registry/config.go:76.4,76.27 1 0
github.com/aquaproj/aqua/v2/pkg/config/registry/config.go:79.2,79.10 1 1
github.com/aquaproj/aqua/v2/pkg/config/registry/cosign.go:44.36,45.14 1 1
github.com/aquaproj/aqua/v2/pkg/config/registry/cosign.go:45.14,47.3 1 1
github.com/aquaproj/aqua/v2/pkg/config/registry/cosign.go:48.2,48.22 1 1
github.com/aquaproj/aqua/v2/pkg/config/registry/cosign.go:48.22,50.3 1 1
github.com/aquaproj/aqua/v2/pkg/config/registry/cosign.go:51.2,51.106 1 1
github.com/aquaproj/aqua/v2/pkg/config/registry/cosign.go:56.92,58.29 2 1
github.com/aquaproj/aqua/v2/pkg/config/registry/cosign.go:58.29,60.17 2 1
github.com/aquaproj/aqua/v2/pkg/config/registry/cosign.go:60.17,62.4 1 0
github.com/aquaproj/aqua/v2/pkg/config/registry/cosign.go:63.3,63.14 1 1
github.com/aquaproj/aqua/v2/pkg/config/registry/cosign.go:66.2,66.18 1 1
github.com/aquaproj/aqua/v2/pkg/config/registry/github_cli.go:20.62,21.14 1 1
github.com/aquaproj/aqua/v2/pkg/config/registry/github_cli.go:21.14,23.3 1 1
github.com/aquaproj/aqua/v2/pkg/config/registry/github_cli.go:24.2,24.29 1 1
github.com/aquaproj/aqua/v2/pkg/config/registry/github_cli.go:24.29,26.3 1 1
github.com/aquaproj/aqua/v2/pkg/config/registry/github_cli.go:27.2,27.26 1 1
github.com/aquaproj/aqua/v2/pkg/config/registry/github_cli.go:32.56,33.14 1 1
github.com/aquaproj/aqua/v2/pkg/config/registry/github_cli.go:33.14,35.3 1 1
github.com/aquaproj/aqua/v2/pkg/config/registry/github_cli.go:36.2,36.22 1 1
github.com/aquaproj/aqua/v2/pkg/config/registry/github_cli.go:36.22,38.3 1 1
github.com/aquaproj/aqua/v2/pkg/config/registry/github_cli.go:39.2,39.13 1 1
github.com/aquaproj/aqua/v2/pkg/config/registry/minisign.go:24.55,32.2 1 1
github.com/aquaproj/aqua/v2/pkg/config/registry/minisign.go:36.38,37.14 1 1
github.com/aquaproj/aqua/v2/pkg/config/registry/minisign.go:37.14,39.3 1 1
github.com/aquaproj/aqua/v2/pkg/config/registry/minisign.go:40.2,40.22 1 1
github.com/aquaproj/aqua/v2/pkg/config/registry/minisign.go:40.22,42.3 1 1
github.com/aquaproj/aqua/v2/pkg/config/registry/minisign.go:43.2,43.13 1 1
github.com/aquaproj/aqua/v2/pkg/config/registry/minisign.go:48.56,56.2 1 1
github.com/aquaproj/aqua/v2/pkg/config/registry/override.go:8.105,10.16 2 1
github.com/aquaproj/aqua/v2/pkg/config/registry/override.go:10.16,12.3 1 0
github.com/aquaproj/aqua/v2/pkg/config/registry/override.go:13.2,14.17 2 1
github.com/aquaproj/aqua/v2/pkg/config/registry/override.go:17.66,18.33 1 1
github.com/aquaproj/aqua/v2/pkg/config/registry/override.go:18.33,19.19 1 1
github.com/aquaproj/aqua/v2/pkg/config/registry/override.go:19.19,21.4 1 1
github.com/aquaproj/aqua/v2/pkg/config/registry/override.go:23.2,23.12 1 1
github.com/aquaproj/aqua/v2/pkg/config/registry/override.go:26.53,27.41 1 1
github.com/aquaproj/aqua/v2/pkg/config/registry/override.go:27.41,29.3 1 1
github.com/aquaproj/aqua/v2/pkg/config/registry/override.go:30.2,30.47 1 1
github.com/aquaproj/aqua/v2/pkg/config/registry/override.go:30.47,32.3 1 1
github.com/aquaproj/aqua/v2/pkg/config/registry/override.go:33.2,33.20 1 1
github.com/aquaproj/aqua/v2/pkg/config/registry/override.go:33.20,34.83 1 0
github.com/aquaproj/aqua/v2/pkg/config/registry/override.go:34.83,36.4 1 0
github.com/aquaproj/aqua/v2/pkg/config/registry/override.go:38.2,38.13 1 1
github.com/aquaproj/aqua/v2/pkg/config/registry/package_info.go:121.37,122.14 1 1
github.com/aquaproj/aqua/v2/pkg/config/registry/package_info.go:122.14,124.3 1 1
github.com/aquaproj/aqua/v2/pkg/config/registry/package_info.go:125.2,125.22 1 0
github.com/aquaproj/aqua/v2/pkg/config/registry/package_info.go:125.22,127.3 1 0
github.com/aquaproj/aqua/v2/pkg/config/registry/package_info.go:128.2,128.19 1 0
github.com/aquaproj/aqua/v2/pkg/config/registry/package_info.go:133.43,134.24 1 0
github.com/aquaproj/aqua/v2/pkg/config/registry/package_info.go:134.24,136.3 1 0
github.com/aquaproj/aqua/v2/pkg/config/registry/package_info.go:137.2,137.21 1 0
github.com/aquaproj/aqua/v2/pkg/config/registry/package_info.go:209.43,252.2 2 1
github.com/aquaproj/aqua/v2/pkg/config/registry/package_info.go:256.62,257.39 1 1
github.com/aquaproj/aqua/v2/pkg/config/registry/package_info.go:257.39,258.25 1 0
github.com/aquaproj/aqua/v2/pkg/config/registry/package_info.go:258.25,260.9 2 0
github.com/aquaproj/aqua/v2/pkg/config/registry/package_info.go:264.2,265.15 2 1
github.com/aquaproj/aqua/v2/pkg/config/registry/package_info.go:265.15,267.3 1 1
github.com/aquaproj/aqua/v2/pkg/config/registry/package_info.go:269.2,269.19 1 1
github.com/aquaproj/aqua/v2/pkg/config/registry/package_info.go:269.19,272.3 2 0
github.com/aquaproj/aqua/v2/pkg/config/registry/package_info.go:274.2,274.20 1 1
github.com/aquaproj/aqua/v2/pkg/config/registry/package_info.go:274.20,276.3 1 0
github.com/aquaproj/aqua/v2/pkg/config/registry/package_info.go:278.2,278.20 1 1
github.com/aquaproj/aqua/v2/pkg/config/registry/package_info.go:278.20,280.3 1 0
github.com/aquaproj/aqua/v2/pkg/config/registry/package_info.go:282.2,282.21 1 1
github.com/aquaproj/aqua/v2/pkg/config/registry/package_info.go:282.21,284.3 1 0
github.com/aquaproj/aqua/v2/pkg/config/registry/package_info.go:286.2,286.18 1 1
github.com/aquaproj/aqua/v2/pkg/config/registry/package_info.go:286.18,288.3 1 0
github.com/aquaproj/aqua/v2/pkg/config/registry/package_info.go:290.2,290.19 1 1
github.com/aquaproj/aqua/v2/pkg/config/registry/package_info.go:290.19,292.3 1 0
github.com/aquaproj/aqua/v2/pkg/config/registry/package_info.go:294.2,294.21 1 1
github.com/aquaproj/aqua/v2/pkg/config/registry/package_info.go:294.21,296.3 1 0
github.com/aquaproj/aqua/v2/pkg/config/registry/package_info.go:298.2,298.21 1 1
github.com/aquaproj/aqua/v2/pkg/config/registry/package_info.go:298.21,300.3 1 0
github.com/aquaproj/aqua/v2/pkg/config/registry/package_info.go:302.2,302.27 1 1
github.com/aquaproj/aqua/v2/pkg/config/registry/package_info.go:302.27,304.3 1 0
github.com/aquaproj/aqua/v2/pkg/config/registry/package_info.go:304.8,309.3 4 1
github.com/aquaproj/aqua/v2/pkg/config/registry/package_info.go:311.2,311.34 1 1
github.com/aquaproj/aqua/v2/pkg/config/registry/package_info.go:311.34,313.3 1 0
github.com/aquaproj/aqua/v2/pkg/config/registry/package_info.go:315.2,315.25 1 1
github.com/aquaproj/aqua/v2/pkg/config/registry/package_info.go:315.25,317.3 1 0
github.com/aquaproj/aqua/v2/pkg/config/registry/package_info.go:319.2,319.24 1 1
github.com/aquaproj/aqua/v2/pkg/config/registry/package_info.go:319.24,321.3 1 0
github.com/aquaproj/aqua/v2/pkg/config/registry/package_info.go:323.2,323.22 1 1
github.com/aquaproj/aqua/v2/pkg/config/registry/package_info.go:323.22,325.3 1 0
github.com/aquaproj/aqua/v2/pkg/config/registry/package_info.go:327.2,327.30 1 1
github.com/aquaproj/aqua/v2/pkg/config/registry/package_info.go:327.30,329.3 1 0
github.com/aquaproj/aqua/v2/pkg/config/registry/package_info.go:331.2,331.24 1 1
github.com/aquaproj/aqua/v2/pkg/config/registry/package_info.go:331.24,333.3 1 0
github.com/aquaproj/aqua/v2/pkg/config/registry/package_info.go:335.2,335.42 1 1
github.com/aquaproj/aqua/v2/pkg/config/registry/package_info.go:335.42,337.3 1 0
github.com/aquaproj/aqua/v2/pkg/config/registry/package_info.go:339.2,339.25 1 1
github.com/aquaproj/aqua/v2/pkg/config/registry/package_info.go:339.25,341.3 1 0
github.com/aquaproj/aqua/v2/pkg/config/registry/package_info.go:343.2,343.20 1 1
github.com/aquaproj/aqua/v2/pkg/config/registry/package_info.go:343.20,345.3 1 0
github.com/aquaproj/aqua/v2/pkg/config/registry/package_info.go:347.2,347.29 1 1
github.com/aquaproj/aqua/v2/pkg/config/registry/package_info.go:347.29,349.3 1 0
github.com/aquaproj/aqua/v2/pkg/config/registry/package_info.go:354.41,355.28 1 0
github.com/aquaproj/aqua/v2/pkg/config/registry/package_info.go:355.28,358.3 2 0
github.com/aquaproj/aqua/v2/pkg/config/registry/package_info.go:359.2,359.24 1 0
github.com/aquaproj/aqua/v2/pkg/config/registry/package_info.go:359.24,361.3 1 0
github.com/aquaproj/aqua/v2/pkg/config/registry/package_info.go:362.2,362.26 1 0
github.com/aquaproj/aqua/v2/pkg/config/registry/package_info.go:362.26,364.3 1 0
github.com/aquaproj/aqua/v2/pkg/config/registry/package_info.go:372.40,375.2 1 0
github.com/aquaproj/aqua/v2/pkg/config/registry/package_info.go:382.34,385.2 1 0
github.com/aquaproj/aqua/v2/pkg/config/registry/package_info.go:400.37,403.2 1 0
github.com/aquaproj/aqua/v2/pkg/config/registry/package_info.go:407.53,409.76 2 0
github.com/aquaproj/aqua/v2/pkg/config/registry/package_info.go:409.76,413.3 1 0
github.com/aquaproj/aqua/v2/pkg/config/registry/package_info.go:414.2,417.3 1 0
github.com/aquaproj/aqua/v2/pkg/config/registry/package_info.go:426.54,431.45 5 0
github.com/aquaproj/aqua/v2/pkg/config/registry/package_info.go:431.45,432.50 1 0
github.com/aquaproj/aqua/v2/pkg/config/registry/package_info.go:432.50,434.4 1 0
github.com/aquaproj/aqua/v2/pkg/config/registry/package_info.go:436.2,437.29 2 0
github.com/aquaproj/aqua/v2/pkg/config/registry/package_info.go:437.29,439.3 1 0
github.com/aquaproj/aqua/v2/pkg/config/registry/package_info.go:440.2,446.3 1 0
github.com/aquaproj/aqua/v2/pkg/config/registry/package_info.go:451.38,453.2 1 1
github.com/aquaproj/aqua/v2/pkg/config/registry/package_info.go:457.40,458.18 1 1
github.com/aquaproj/aqua/v2/pkg/config/registry/package_info.go:458.18,460.3 1 1
github.com/aquaproj/aqua/v2/pkg/config/registry/package_info.go:461.2,461.17 1 1
github.com/aquaproj/aqua/v2/pkg/config/registry/package_info.go:461.17,463.3 1 1
github.com/aquaproj/aqua/v2/pkg/config/registry/package_info.go:464.2,464.52 1 1
github.com/aquaproj/aqua/v2/pkg/config/registry/package_info.go:464.52,466.3 1 0
github.com/aquaproj/aqua/v2/pkg/config/registry/package_info.go:467.2,467.11 1 1
github.com/aquaproj/aqua/v2/pkg/config/registry/package_info.go:472.40,473.18 1 0
github.com/aquaproj/aqua/v2/pkg/config/registry/package_info.go:473.18,475.3 1 0
github.com/aquaproj/aqua/v2/pkg/config/registry/package_info.go:476.2,476.51 1 0
github.com/aquaproj/aqua/v2/pkg/config/registry/package_info.go:476.51,478.3 1 0
github.com/aquaproj/aqua/v2/pkg/config/registry/package_info.go:479.2,479.11 1 0
github.com/aquaproj/aqua/v2/pkg/config/registry/package_info.go:484.40,485.18 1 1
github.com/aquaproj/aqua/v2/pkg/config/registry/package_info.go:485.18,487.3 1 1
github.com/aquaproj/aqua/v2/pkg/config/registry/package_info.go:488.2,488.17 1 1
github.com/aquaproj/aqua/v2/pkg/config/registry/package_info.go:488.17,490.3 1 1
github.com/aquaproj/aqua/v2/pkg/config/registry/package_info.go:491.2,491.11 1 0
github.com/aquaproj/aqua/v2/pkg/config/registry/package_info.go:496.42,497.72 1 1
github.com/aquaproj/aqua/v2/pkg/config/registry/package_info.go:497.72,499.3 1 0
github.com/aquaproj/aqua/v2/pkg/config/registry/package_info.go:500.2,500.17 1 1
github.com/aquaproj/aqua/v2/pkg/config/registry/package_info.go:505.62,507.15 2 0
github.com/aquaproj/aqua/v2/pkg/config/registry/package_info.go:507.15,509.3 1 0
github.com/aquaproj/aqua/v2/pkg/config/registry/package_info.go:510.2,510.18 1 0
github.com/aquaproj/aqua/v2/pkg/config/registry/package_info.go:510.18,512.3 1 0
github.com/aquaproj/aqua/v2/pkg/config/registry/package_info.go:513.2,516.10 4 0
github.com/aquaproj/aqua/v2/pkg/config/registry/package_info.go:521.40,522.23 1 1
github.com/aquaproj/aqua/v2/pkg/config/registry/package_info.go:522.23,524.3 1 1
github.com/aquaproj/aqua/v2/pkg/config/registry/package_info.go:525.2,525.39 1 1
github.com/aquaproj/aqua/v2/pkg/config/registry/package_info.go:525.39,527.3 1 0
github.com/aquaproj/aqua/v2/pkg/config/registry/package_info.go:528.2,528.16 1 1
github.com/aquaproj/aqua/v2/pkg/config/registry/package_info.go:529.52,530.19 1 1
github.com/aquaproj/aqua/v2/pkg/config/registry/package_info.go:530.19,532.4 1 0
github.com/aquaproj/aqua/v2/pkg/config/registry/package_info.go:533.3,533.13 1 1
github.com/aquaproj/aqua/v2/pkg/config/registry/package_info.go:534.28,535.24 1 0
github.com/aquaproj/aqua/v2/pkg/config/registry/package_info.go:535.24,537.4 1 0
github.com/aquaproj/aqua/v2/pkg/config/registry/package_info.go:538.3,538.13 1 0
github.com/aquaproj/aqua/v2/pkg/config/registry/package_info.go:539.24,540.20 1 0
github.com/aquaproj/aqua/v2/pkg/config/registry/package_info.go:540.20,542.4 1 0
github.com/aquaproj/aqua/v2/pkg/config/registry/package_info.go:543.3,543.13 1 0
github.com/aquaproj/aqua/v2/pkg/config/registry/package_info.go:544.32,545.19 1 1
github.com/aquaproj/aqua/v2/pkg/config/registry/package_info.go:545.19,547.4 1 0
github.com/aquaproj/aqua/v2/pkg/config/registry/package_info.go:548.3,548.19 1 1
github.com/aquaproj/aqua/v2/pkg/config/registry/package_info.go:548.19,550.4 1 1
github.com/aquaproj/aqua/v2/pkg/config/registry/package_info.go:551.3,551.13 1 1
github.com/aquaproj/aqua/v2/pkg/config/registry/package_info.go:552.32,553.19 1 1
github.com/aquaproj/aqua/v2/pkg/config/registry/package_info.go:553.19,555.4 1 0
github.com/aquaproj/aqua/v2/pkg/config/registry/package_info.go:556.3,556.20 1 1
github.com/aquaproj/aqua/v2/pkg/config/registry/package_info.go:556.20,558.4 1 1
github.com/aquaproj/aqua/v2/pkg/config/registry/package_info.go:559.3,559.13 1 1
github.com/aquaproj/aqua/v2/pkg/config/registry/package_info.go:560.23,561.18 1 1
github.com/aquaproj/aqua/v2/pkg/config/registry/package_info.go:561.18,563.4 1 0
github.com/aquaproj/aqua/v2/pkg/config/registry/package_info.go:564.3,564.13 1 1
github.com/aquaproj/aqua/v2/pkg/config/registry/package_info.go:566.2,566.30 1 0
github.com/aquaproj/aqua/v2/pkg/config/registry/package_info.go:571.42,572.23 1 1
github.com/aquaproj/aqua/v2/pkg/config/registry/package_info.go:572.23,574.3 1 1
github.com/aquaproj/aqua/v2/pkg/config/registry/package_info.go:576.2,576.50 1 1
github.com/aquaproj/aqua/v2/pkg/config/registry/package_info.go:576.50,582.3 1 1
github.com/aquaproj/aqua/v2/pkg/config/registry/package_info.go:583.2,583.16 1 0
github.com/aquaproj/aqua/v2/pkg/config/registry/package_info.go:590.54,592.33 2 0
github.com/aquaproj/aqua/v2/pkg/config/registry/package_info.go:592.33,594.3 1 0
github.com/aquaproj/aqua/v2/pkg/config/registry/package_info.go:595.2,595.40 1 0
github.com/aquaproj/aqua/v2/pkg/config/registry/package_info.go:595.40,597.36 2 0
github.com/aquaproj/aqua/v2/pkg/config/registry/package_info.go:597.36,599.4 1 0
github.com/aquaproj/aqua/v2/pkg/config/registry/package_info.go:601.2,601.10 1 0
github.com/aquaproj/aqua/v2/pkg/config/registry/package_info.go:606.46,608.15 2 0
github.com/aquaproj/aqua/v2/pkg/config/registry/package_info.go:608.15,610.3 1 0
github.com/aquaproj/aqua/v2/pkg/config/registry/package_info.go:611.2,611.25 1 0
github.com/aquaproj/aqua/v2/pkg/config/registry/package_info.go:611.25,613.3 1 0
github.com/aquaproj/aqua/v2/pkg/config/registry/package_info.go:614.2,616.21 3 0
github.com/aquaproj/aqua/v2/pkg/config/registry/package_info.go:616.21,618.3 1 0
github.com/aquaproj/aqua/v2/pkg/config/registry/package_info.go:619.2,619.20 1 0
github.com/aquaproj/aqua/v2/pkg/config/registry/package_info.go:619.20,621.3 1 0
github.com/aquaproj/aqua/v2/pkg/config/registry/package_info.go:622.2,622.61 1 0
github.com/aquaproj/aqua/v2/pkg/config/registry/package_info.go:627.43,628.39 1 0
github.com/aquaproj/aqua/v2/pkg/config/registry/package_info.go:628.39,630.3 1 0
github.com/aquaproj/aqua/v2/pkg/config/registry/package_info.go:631.2,631.16 1 0
github.com/aquaproj/aqua/v2/pkg/config/registry/package_info.go:632.104,633.44 1 0
github.com/aquaproj/aqua/v2/pkg/config/registry/package_info.go:633.44,635.4 1 0
github.com/aquaproj/aqua/v2/pkg/config/registry/package_info.go:636.3,636.80 1 0
github.com/aquaproj/aqua/v2/pkg/config/registry/package_info.go:637.24,638.20 1 0
github.com/aquaproj/aqua/v2/pkg/config/registry/package_info.go:638.20,640.4 1 0
github.com/aquaproj/aqua/v2/pkg/config/registry/package_info.go:641.3,641.63 1 0
github.com/aquaproj/aqua/v2/pkg/config/registry/package_info.go:642.28,644.14 2 0
github.com/aquaproj/aqua/v2/pkg/config/registry/package_info.go:644.14,646.4 1 0
github.com/aquaproj/aqua/v2/pkg/config/registry/package_info.go:647.3,647.114 1 0
github.com/aquaproj/aqua/v2/pkg/config/registry/package_info.go:648.23,649.18 1 0
github.com/aquaproj/aqua/v2/pkg/config/registry/package_info.go:649.18,651.4 1 0
github.com/aquaproj/aqua/v2/pkg/config/registry/package_info.go:652.3,653.17 2 0
github.com/aquaproj/aqua/v2/pkg/config/registry/package_info.go:653.17,655.4 1 0
github.com/aquaproj/aqua/v2/pkg/config/registry/package_info.go:656.3,656.77 1 0
github.com/aquaproj/aqua/v2/pkg/config/registry/package_info.go:658.2,658.12 1 0
github.com/aquaproj/aqua/v2/pkg/config/registry/package_info.go:663.47,664.17 1 1
github.com/aquaproj/aqua/v2/pkg/config/registry/package_info.go:664.17,665.19 1 1
github.com/aquaproj/aqua/v2/pkg/config/registry/package_info.go:665.19,667.4 1 1
github.com/aquaproj/aqua/v2/pkg/config/registry/package_info.go:668.3,668.51 1 1
github.com/aquaproj/aqua/v2/pkg/config/registry/package_info.go:668.51,670.4 1 1
github.com/aquaproj/aqua/v2/pkg/config/registry/package_info.go:671.3,671.16 1 0
github.com/aquaproj/aqua/v2/pkg/config/registry/package_info.go:673.2,673.36 1 0
github.com/aquaproj/aqua/v2/pkg/config/registry/package_info.go:673.36,675.3 1 0
github.com/aquaproj/aqua/v2/pkg/config/registry/package_info.go:676.2,676.31 1 0
github.com/aquaproj/aqua/v2/pkg/config/registry/package_info.go:681.76,683.22 2 1
github.com/aquaproj/aqua/v2/pkg/config/registry/package_info.go:683.22,686.3 2 1
github.com/aquaproj/aqua/v2/pkg/config/registry/package_info.go:687.2,687.27 1 1
github.com/aquaproj/aqua/v2/pkg/config/registry/package_info.go:687.27,689.3 1 1
github.com/aquaproj/aqua/v2/pkg/config/registry/package_info.go:690.2,690.26 1 1
github.com/aquaproj/aqua/v2/pkg/config/registry/package_info.go:690.26,692.3 1 0
github.com/aquaproj/aqua/v2/pkg/config/registry/package_info.go:693.2,693.23 1 1
github.com/aquaproj/aqua/v2/pkg/config/registry/package_info.go:693.23,695.3 1 1
github.com/aquaproj/aqua/v2/pkg/config/registry/package_info.go:696.2,696.23 1 1
github.com/aquaproj/aqua/v2/pkg/config/registry/package_info.go:696.23,698.3 1 0
github.com/aquaproj/aqua/v2/pkg/config/registry/package_info.go:699.2,699.24 1 1
github.com/aquaproj/aqua/v2/pkg/config/registry/package_info.go:699.24,701.3 1 0
github.com/aquaproj/aqua/v2/pkg/config/registry/package_info.go:702.2,702.22 1 1
github.com/aquaproj/aqua/v2/pkg/config/registry/package_info.go:702.22,704.3 1 1
github.com/aquaproj/aqua/v2/pkg/config/registry/package_info.go:705.2,705.24 1 1
github.com/aquaproj/aqua/v2/pkg/config/registry/package_info.go:705.24,707.3 1 1
github.com/aquaproj/aqua/v2/pkg/config/registry/package_info.go:708.2,708.24 1 1
github.com/aquaproj/aqua/v2/pkg/config/registry/package_info.go:708.24,710.3 1 0
github.com/aquaproj/aqua/v2/pkg/config/registry/package_info.go:711.2,711.21 1 1
github.com/aquaproj/aqua/v2/pkg/config/registry/package_info.go:711.21,713.3 1 1
github.com/aquaproj/aqua/v2/pkg/config/registry/package_info.go:714.2,714.31 1 1
github.com/aquaproj/aqua/v2/pkg/config/registry/package_info.go:714.31,716.3 1 0
github.com/aquaproj/aqua/v2/pkg/config/registry/package_info.go:717.2,717.28 1 1
github.com/aquaproj/aqua/v2/pkg/config/registry/package_info.go:717.28,719.3 1 0
github.com/aquaproj/aqua/v2/pkg/config/registry/package_info.go:720.2,720.34 1 1
github.com/aquaproj/aqua/v2/pkg/config/registry/package_info.go:720.34,722.3 1 0
github.com/aquaproj/aqua/v2/pkg/config/registry/package_info.go:723.2,723.32 1 1
github.com/aquaproj/aqua/v2/pkg/config/registry/package_info.go:723.32,725.3 1 0
github.com/aquaproj/aqua/v2/pkg/config/registry/package_info.go:726.2,726.32 1 1
github.com/aquaproj/aqua/v2/pkg/config/registry/package_info.go:726.32,728.3 1 0
github.com/aquaproj/aqua/v2/pkg/config/registry/package_info.go:729.2,729.32 1 1
github.com/aquaproj/aqua/v2/pkg/config/registry/package_info.go:729.32,731.3 1 1
github.com/aquaproj/aqua/v2/pkg/config/registry/package_info.go:732.2,732.32 1 1
github.com/aquaproj/aqua/v2/pkg/config/registry/package_info.go:732.32,734.3 1 0
github.com/aquaproj/aqua/v2/pkg/config/registry/package_info.go:735.2,735.27 1 1
github.com/aquaproj/aqua/v2/pkg/config/registry/package_info.go:735.27,737.3 1 0
github.com/aquaproj/aqua/v2/pkg/config/registry/package_info.go:738.2,738.38 1 1
github.com/aquaproj/aqua/v2/pkg/config/registry/package_info.go:738.38,740.3 1 0
github.com/aquaproj/aqua/v2/pkg/config/registry/package_info.go:741.2,741.31 1 1
github.com/aquaproj/aqua/v2/pkg/config/registry/package_info.go:741.31,743.3 1 0
github.com/aquaproj/aqua/v2/pkg/config/registry/package_info.go:744.2,744.37 1 1
github.com/aquaproj/aqua/v2/pkg/config/registry/package_info.go:744.37,746.3 1 0
github.com/aquaproj/aqua/v2/pkg/config/registry/package_info.go:747.2,747.28 1 1
github.com/aquaproj/aqua/v2/pkg/config/registry/package_info.go:747.28,749.3 1 0
github.com/aquaproj/aqua/v2/pkg/config/registry/package_info.go:750.2,750.27 1 1
github.com/aquaproj/aqua/v2/pkg/config/registry/package_info.go:750.27,752.3 1 0
github.com/aquaproj/aqua/v2/pkg/config/registry/package_info.go:753.2,753.25 1 1
github.com/aquaproj/aqua/v2/pkg/config/registry/package_info.go:753.25,755.3 1 0
github.com/aquaproj/aqua/v2/pkg/config/registry/package_info.go:756.2,756.33 1 1
github.com/aquaproj/aqua/v2/pkg/config/registry/package_info.go:756.33,758.3 1 0
github.com/aquaproj/aqua/v2/pkg/config/registry/package_info.go:759.2,759.27 1 1
github.com/aquaproj/aqua/v2/pkg/config/registry/package_info.go:759.27,761.3 1 0
github.com/aquaproj/aqua/v2/pkg/config/registry/package_info.go:762.2,762.45 1 1
github.com/aquaproj/aqua/v2/pkg/config/registry/package_info.go:762.45,764.3 1 0
github.com/aquaproj/aqua/v2/pkg/config/registry/package_info.go:765.2,765.31 1 1
github.com/aquaproj/aqua/v2/pkg/config/registry/package_info.go:765.31,767.3 1 0
github.com/aquaproj/aqua/v2/pkg/config/registry/package_info.go:768.2,768.26 1 1
github.com/aquaproj/aqua/v2/pkg/config/registry/package_info.go:768.26,770.3 1 0
github.com/aquaproj/aqua/v2/pkg/config/registry/package_info.go:771.2,771.28 1 1
github.com/aquaproj/aqua/v2/pkg/config/registry/package_info.go:771.28,773.3 1 0
github.com/aquaproj/aqua/v2/pkg/config/registry/package_info.go:774.2,774.24 1 1
github.com/aquaproj/aqua/v2/pkg/config/registry/package_info.go:774.24,776.3 1 0
github.com/aquaproj/aqua/v2/pkg/config/registry/package_info.go:777.2,777.23 1 1
github.com/aquaproj/aqua/v2/pkg/config/registry/package_info.go:777.23,779.3 1 0
github.com/aquaproj/aqua/v2/pkg/config/registry/package_info.go:780.2,780.12 1 1
github.com/aquaproj/aqua/v2/pkg/config/registry/package_info.go:785.50,786.13 1 1
github.com/aquaproj/aqua/v2/pkg/config/registry/package_info.go:787.32,792.16 5 1
github.com/aquaproj/aqua/v2/pkg/config/registry/package_info.go:793.32,798.16 5 1
github.com/aquaproj/aqua/v2/pkg/config/registry/package_info.go:799.32,806.16 7 0
github.com/aquaproj/aqua/v2/pkg/config/registry/package_info.go:807.23,810.23 3 1
github.com/aquaproj/aqua/v2/pkg/config/registry/package_info.go:811.28,825.20 14 0
github.com/aquaproj/aqua/v2/pkg/config/registry/package_info.go:826.26,840.20 14 0
github.com/aquaproj/aqua/v2/pkg/config/registry/package_info.go:841.24,855.23 14 0
github.com/aquaproj/aqua/v2/pkg/config/registry/registry.go:18.71,19.16 1 0
github.com/aquaproj/aqua/v2/pkg/config/registry/registry.go:19.16,21.3 1 0
github.com/aquaproj/aqua/v2/pkg/config/registry/registry.go:22.2,24.10 3 0
github.com/aquaproj/aqua/v2/pkg/config/registry/registry.go:29.75,32.9 3 0
github.com/aquaproj/aqua/v2/pkg/config/registry/registry.go:32.9,34.3 1 0
github.com/aquaproj/aqua/v2/pkg/config/registry/registry.go:35.2,35.12 1 0
github.com/aquaproj/aqua/v2/pkg/config/registry/registry_cache.go:20.73,27.2 2 1
github.com/aquaproj/aqua/v2/pkg/config/registry/registry_cache.go:29.60,30.36 1 1
github.com/aquaproj/aqua/v2/pkg/config/registry/registry_cache.go:30.36,32.10 2 1
github.com/aquaproj/aqua/v2/pkg/config/registry/registry_cache.go:32.10,35.12 3 1
github.com/aquaproj/aqua/v2/pkg/config/registry/registry_cache.go:37.3,37.33 1 1
github.com/aquaproj/aqua/v2/pkg/config/registry/registry_cache.go:37.33,38.32 1 1
github.com/aquaproj/aqua/v2/pkg/config/registry/registry_cache.go:38.32,41.5 2 0
github.com/aquaproj/aqua/v2/pkg/config/registry/registry_cache.go:46.31,47.16 1 1
github.com/aquaproj/aqua/v2/pkg/config/registry/registry_cache.go:47.16,49.3 1 0
github.com/aquaproj/aqua/v2/pkg/config/registry/registry_cache.go:50.2,50.68 1 1
github.com/aquaproj/aqua/v2/pkg/config/registry/registry_cache.go:50.68,52.3 1 0
github.com/aquaproj/aqua/v2/pkg/config/registry/registry_cache.go:53.2,54.16 2 1
github.com/aquaproj/aqua/v2/pkg/config/registry/registry_cache.go:54.16,56.3 1 0
github.com/aquaproj/aqua/v2/pkg/config/registry/registry_cache.go:57.2,58.55 2 1
github.com/aquaproj/aqua/v2/pkg/config/registry/registry_cache.go:58.55,60.3 1 0
github.com/aquaproj/aqua/v2/pkg/config/registry/registry_cache.go:61.2,61.12 1 1
github.com/aquaproj/aqua/v2/pkg/config/registry/registry_cache.go:64.58,67.9 3 1
github.com/aquaproj/aqua/v2/pkg/config/registry/registry_cache.go:67.9,70.3 2 1
github.com/aquaproj/aqua/v2/pkg/config/registry/registry_cache.go:71.2,71.32 1 1
github.com/aquaproj/aqua/v2/pkg/config/registry/registry_cache.go:74.58,76.9 2 1
github.com/aquaproj/aqua/v2/pkg/config/registry/registry_cache.go:76.9,78.3 1 1
github.com/aquaproj/aqua/v2/pkg/config/registry/registry_cache.go:79.2,79.26 1 1
github.com/aquaproj/aqua/v2/pkg/config/registry/registry_cache.go:82.30,84.16 2 1
github.com/aquaproj/aqua/v2/pkg/config/registry/registry_cache.go:84.16,86.3 1 0
github.com/aquaproj/aqua/v2/pkg/config/registry/registry_cache.go:87.2,88.56 2 1
github.com/aquaproj/aqua/v2/pkg/config/registry/registry_cache.go:88.56,90.3 1 1
github.com/aquaproj/aqua/v2/pkg/config/registry/registry_cache.go:91.2,91.12 1 1
github.com/aquaproj/aqua/v2/pkg/config/registry/slsa_provenance.go:28.62,36.2 1 1
github.com/aquaproj/aqua/v2/pkg/config/registry/slsa_provenance.go:40.49,41.25 1 1
github.com/aquaproj/aqua/v2/pkg/config/registry/slsa_provenance.go:41.25,43.3 1 1
github.com/aquaproj/aqua/v2/pkg/config/registry/slsa_provenance.go:44.2,44.67 1 1
github.com/aquaproj/aqua/v2/pkg/config/registry/slsa_provenance.go:49.45,50.15 1 1
github.com/aquaproj/aqua/v2/pkg/config/registry/slsa_provenance.go:50.15,52.3 1 1
github.com/aquaproj/aqua/v2/pkg/config/registry/slsa_provenance.go:53.2,53.23 1 1
github.com/aquaproj/aqua/v2/pkg/config/registry/slsa_provenance.go:53.23,55.3 1 1
github.com/aquaproj/aqua/v2/pkg/config/registry/slsa_provenance.go:56.2,56.22 1 1
github.com/aquaproj/aqua/v2/pkg/config/registry/slsa_provenance.go:61.63,69.2 1 1
github.com/aquaproj/aqua/v2/pkg/config/registry/supported_envs.go:7.85,8.51 1 1
github.com/aquaproj/aqua/v2/pkg/config/registry/supported_envs.go:8.51,10.3 1 1
github.com/aquaproj/aqua/v2/pkg/config/registry/supported_envs.go:11.2,11.29 1 1
github.com/aquaproj/aqua/v2/pkg/config/registry/supported_envs.go:11.29,13.3 1 1
github.com/aquaproj/aqua/v2/pkg/config/registry/supported_envs.go:14.2,14.50 1 0
github.com/aquaproj/aqua/v2/pkg/config/registry/supported_envs.go:14.50,17.3 2 0
github.com/aquaproj/aqua/v2/pkg/config/registry/supported_envs.go:18.2,18.19 1 0
github.com/aquaproj/aqua/v2/pkg/config/registry/supported_envs.go:21.73,22.28 1 1
github.com/aquaproj/aqua/v2/pkg/config/registry/supported_envs.go:22.28,24.3 1 1
github.com/aquaproj/aqua/v2/pkg/config/registry/supported_envs.go:25.2,25.89 1 1
github.com/aquaproj/aqua/v2/pkg/config/registry/supported_envs.go:28.72,29.33 1 0
github.com/aquaproj/aqua/v2/pkg/config/registry/supported_envs.go:29.33,31.3 1 0
github.com/aquaproj/aqua/v2/pkg/config/registry/supported_envs.go:32.2,32.95 1 0
github.com/aquaproj/aqua/v2/pkg/config/registry/supported_envs.go:35.98,36.28 1 1
github.com/aquaproj/aqua/v2/pkg/config/registry/supported_envs.go:36.28,37.15 1 1
github.com/aquaproj/aqua/v2/pkg/config/registry/supported_envs.go:38.33,39.15 1 1
github.com/aquaproj/aqua/v2/pkg/config/registry/supported_envs.go:42.2,42.55 1 1
github.com/aquaproj/aqua/v2/pkg/config/registry/supported_envs.go:42.55,43.29 1 0
github.com/aquaproj/aqua/v2/pkg/config/registry/supported_envs.go:43.29,44.16 1 0
github.com/aquaproj/aqua/v2/pkg/config/registry/supported_envs.go:45.33,46.16 1 0
github.com/aquaproj/aqua/v2/pkg/config/registry/supported_envs.go:50.2,50.67 1 1
github.com/aquaproj/aqua/v2/pkg/config/registry/supported_envs.go:50.67,51.29 1 0
github.com/aquaproj/aqua/v2/pkg/config/registry/supported_envs.go:51.29,52.16 1 0
github.com/aquaproj/aqua/v2/pkg/config/registry/supported_envs.go:53.34,54.16 1 0
github.com/aquaproj/aqua/v2/pkg/config/registry/supported_envs.go:58.2,58.14 1 1
github.com/aquaproj/aqua/v2/pkg/config/registry/version_override.go:11.80,13.27 2 1
github.com/aquaproj/aqua/v2/pkg/config/registry/version_override.go:13.27,15.36 2 1
github.com/aquaproj/aqua/v2/pkg/config/registry/version_override.go:15.36,17.4 1 1
github.com/aquaproj/aqua/v2/pkg/config/registry/version_override.go:18.3,18.37 1 1
github.com/aquaproj/aqua/v2/pkg/config/registry/version_override.go:20.2,21.16 2 1
github.com/aquaproj/aqua/v2/pkg/config/registry/version_override.go:21.16,25.3 2 1
github.com/aquaproj/aqua/v2/pkg/config/registry/version_override.go:26.2,26.7 1 1
github.com/aquaproj/aqua/v2/pkg/config/registry/version_override.go:26.7,33.3 2 1
github.com/aquaproj/aqua/v2/pkg/config/registry/version_override.go:34.2,34.12 1 1
github.com/aquaproj/aqua/v2/pkg/config/registry/version_override.go:37.86,38.32 1 1
github.com/aquaproj/aqua/v2/pkg/config/registry/version_override.go:38.32,41.3 2 1
github.com/aquaproj/aqua/v2/pkg/config/registry/version_override.go:43.2,43.47 1 1
github.com/aquaproj/aqua/v2/pkg/config/registry/version_override.go:43.47,45.3 1 1
github.com/aquaproj/aqua/v2/pkg/config/registry/version_override.go:47.2,47.40 1 1
github.com/aquaproj/aqua/v2/pkg/config/registry/version_override.go:47.40,50.30 3 1
github.com/aquaproj/aqua/v2/pkg/config/registry/version_override.go:50.30,52.4 1 1
github.com/aquaproj/aqua/v2/pkg/config/registry/version_override.go:53.3,53.15 1 1
github.com/aquaproj/aqua/v2/pkg/config/registry/version_override.go:53.15,55.37 2 1
github.com/aquaproj/aqua/v2/pkg/config/registry/version_override.go:55.37,56.13 1 1
github.com/aquaproj/aqua/v2/pkg/config/registry/version_override.go:58.4,58.38 1 1
github.com/aquaproj/aqua/v2/pkg/config/registry/version_override.go:60.3,61.17 2 1
github.com/aquaproj/aqua/v2/pkg/config/registry/version_override.go:61.17,64.12 2 1
github.com/aquaproj/aqua/v2/pkg/config/registry/version_override.go:66.3,66.8 1 1
github.com/aquaproj/aqua/v2/pkg/config/registry/version_override.go:66.8,73.4 2 1
github.com/aquaproj/aqua/v2/pkg/config/registry/version_override.go:75.2,79.22 2 1
